"6","DESKTOP-KBJ23GV","System.Byte[]","49","(0)","0","Information","File System Filter 'wcifs' (10.0, 2027-07-25T04:04:32.000000000Z) has successfully loaded and registered with Filter Manager.","Microsoft-Windows-FilterManager","System.String[]","6","3/12/2020 5:57:56 PM","3/12/2020 5:57:56 PM","NT AUTHORITY\SYSTEM",,
"16","DESKTOP-KBJ23GV","System.Byte[]","48","(0)","0","Information","The description for Event ID '16' in Source 'Microsoft-Windows-Kernel-General' cannot be found.  The local computer may not have the necessary registry information or message DLL files to display the message, or you may not have permission to access them.  The following information is part of the event:'42', '\SystemRoot\System32\Config\bbimigrate\BBI', '370', '92'","Microsoft-Windows-Kernel-General","System.String[]","16","3/12/2020 5:57:56 PM","3/12/2020 5:57:56 PM","NT AUTHORITY\SYSTEM",,
"16","DESKTOP-KBJ23GV","System.Byte[]","47","(0)","0","Information","The description for Event ID '16' in Source 'Microsoft-Windows-Kernel-General' cannot be found.  The local computer may not have the necessary registry information or message DLL files to display the message, or you may not have permission to access them.  The following information is part of the event:'31', '\SystemRoot\System32\Config\BBI', '1', '1'","Microsoft-Windows-Kernel-General","System.String[]","16","3/12/2020 5:57:56 PM","3/12/2020 5:57:56 PM","NT AUTHORITY\SYSTEM",,
"2005","DESKTOP-KBJ23GV","System.Byte[]","46","(1003)","1003","Information","The description for Event ID '2005' in Source 'Microsoft-Windows-SetupPlatform' cannot be found.  The local computer may not have the necessary registry information or message DLL files to display the message, or you may not have permission to access them.  The following information is part of the event:'4', '10', '0', '14393', '0', '0'","Microsoft-Windows-SetupPlatform","System.String[]","2005","3/12/2020 5:57:55 PM","3/12/2020 5:57:55 PM","NT AUTHORITY\SYSTEM",,
"16","DESKTOP-KBJ23GV","System.Byte[]","45","(0)","0","Information","The description for Event ID '16' in Source 'Microsoft-Windows-Kernel-General' cannot be found.  The local computer may not have the necessary registry information or message DLL files to display the message, or you may not have permission to access them.  The following information is part of the event:'54', '\??\C:\WINDOWS\ServiceProfiles\LocalService\NTUSER.DAT', '592', '35'","Microsoft-Windows-Kernel-General","System.String[]","16","3/12/2020 5:57:25 PM","3/12/2020 5:57:25 PM","NT AUTHORITY\SYSTEM",,
"7040","DESKTOP-KBJ23GV","System.Byte[]","44","(0)","0","Information","The start type of the SmsRouter service was changed from auto start to demand start.","Service Control Manager","System.String[]","1073748864","3/12/2020 5:57:25 PM","3/12/2020 5:57:25 PM","NT AUTHORITY\SYSTEM",,
"16","DESKTOP-KBJ23GV","System.Byte[]","43","(0)","0","Information","The description for Event ID '16' in Source 'Microsoft-Windows-Kernel-General' cannot be found.  The local computer may not have the necessary registry information or message DLL files to display the message, or you may not have permission to access them.  The following information is part of the event:'56', '\??\C:\WINDOWS\ServiceProfiles\NetworkService\NTUSER.DAT', '592', '35'","Microsoft-Windows-Kernel-General","System.String[]","16","3/12/2020 5:57:22 PM","3/12/2020 5:57:22 PM","NT AUTHORITY\SYSTEM",,
"16403","DESKTOP-KBJ23GV","System.Byte[]","42","(0)","0","Information","The error ""The specified account already exists.
"" occurred when trying to create the well known account Device Owners. Please contact PSS to recover.","Microsoft-Windows-Directory-Services-SAM","System.String[]","16403","3/12/2020 5:57:20 PM","3/12/2020 5:57:20 PM","NT AUTHORITY\SYSTEM",,
"16403","DESKTOP-KBJ23GV","System.Byte[]","41","(0)","0","Information","The error ""The specified account already exists.
"" occurred when trying to create the well known account Device Owners. Please contact PSS to recover.","Microsoft-Windows-Directory-Services-SAM","System.String[]","16403","3/12/2020 5:57:20 PM","3/12/2020 5:57:20 PM","NT AUTHORITY\SYSTEM",,
"16962","DESKTOP-KBJ23GV","System.Byte[]","40","(0)","0","Information","Remote calls to the SAM database are being restricted using the default security descriptor: O:SYG:SYD:(A;;RC;;;BA).
For more information please see http://go.microsoft.com/fwlink/?LinkId=787651.","Microsoft-Windows-Directory-Services-SAM","System.String[]","16962","3/12/2020 5:57:20 PM","3/12/2020 5:57:20 PM","NT AUTHORITY\SYSTEM",,
"18","DESKTOP-KBJ23GV","System.Byte[]","39","(0)","0","Information","Key Guard was started and will protect VSM-isolated keys.","Microsoft-Windows-Wininit","System.String[]","18","3/12/2020 5:57:20 PM","3/12/2020 5:57:20 PM","NT AUTHORITY\SYSTEM",,
"14","DESKTOP-KBJ23GV","System.Byte[]","38","(0)","0","Information","Credential Guard configuration: 0, 0","Microsoft-Windows-Wininit","System.String[]","14","3/12/2020 5:57:20 PM","3/12/2020 5:57:20 PM","NT AUTHORITY\SYSTEM",,
"16","DESKTOP-KBJ23GV","System.Byte[]","37","(0)","0","Information","The description for Event ID '16' in Source 'Microsoft-Windows-Kernel-General' cannot be found.  The local computer may not have the necessary registry information or message DLL files to display the message, or you may not have permission to access them.  The following information is part of the event:'36', '\SystemRoot\System32\Config\SECURITY', '1', '1'","Microsoft-Windows-Kernel-General","System.String[]","16","3/12/2020 5:57:20 PM","3/12/2020 5:57:20 PM","NT AUTHORITY\SYSTEM",,
"16","DESKTOP-KBJ23GV","System.Byte[]","36","(0)","0","Information","The description for Event ID '16' in Source 'Microsoft-Windows-Kernel-General' cannot be found.  The local computer may not have the necessary registry information or message DLL files to display the message, or you may not have permission to access them.  The following information is part of the event:'51', '\??\C:\WINDOWS.OLD\WINDOWS\SYSTEM32\CONFIG\SECURITY', '3', '2'","Microsoft-Windows-Kernel-General","System.String[]","16","3/12/2020 5:57:20 PM","3/12/2020 5:57:20 PM","NT AUTHORITY\SYSTEM",,
"16","DESKTOP-KBJ23GV","System.Byte[]","35","(0)","0","Information","The description for Event ID '16' in Source 'Microsoft-Windows-Kernel-General' cannot be found.  The local computer may not have the necessary registry information or message DLL files to display the message, or you may not have permission to access them.  The following information is part of the event:'31', '\SystemRoot\System32\Config\SAM', '1', '1'","Microsoft-Windows-Kernel-General","System.String[]","16","3/12/2020 5:57:20 PM","3/12/2020 5:57:20 PM","NT AUTHORITY\SYSTEM",,
"16","DESKTOP-KBJ23GV","System.Byte[]","34","(0)","0","Information","The description for Event ID '16' in Source 'Microsoft-Windows-Kernel-General' cannot be found.  The local computer may not have the necessary registry information or message DLL files to display the message, or you may not have permission to access them.  The following information is part of the event:'46', '\??\C:\WINDOWS.OLD\WINDOWS\SYSTEM32\CONFIG\SAM', '43', '7'","Microsoft-Windows-Kernel-General","System.String[]","16","3/12/2020 5:57:19 PM","3/12/2020 5:57:19 PM","NT AUTHORITY\SYSTEM",,
"16","DESKTOP-KBJ23GV","System.Byte[]","33","(0)","0","Information","The description for Event ID '16' in Source 'Microsoft-Windows-Kernel-General' cannot be found.  The local computer may not have the necessary registry information or message DLL files to display the message, or you may not have permission to access them.  The following information is part of the event:'35', '\SystemRoot\System32\Config\DEFAULT', '193', '15'","Microsoft-Windows-Kernel-General","System.String[]","16","3/12/2020 5:57:19 PM","3/12/2020 5:57:19 PM","NT AUTHORITY\SYSTEM",,
"16","DESKTOP-KBJ23GV","System.Byte[]","32","(0)","0","Information","The description for Event ID '16' in Source 'Microsoft-Windows-Kernel-General' cannot be found.  The local computer may not have the necessary registry information or message DLL files to display the message, or you may not have permission to access them.  The following information is part of the event:'32', '\Device\HarddiskVolume1\Boot\BCD', '86', '7'","Microsoft-Windows-Kernel-General","System.String[]","16","3/12/2020 5:57:19 PM","3/12/2020 5:57:19 PM","NT AUTHORITY\SYSTEM",,
"16","DESKTOP-KBJ23GV","System.Byte[]","31","(0)","0","Information","The description for Event ID '16' in Source 'Microsoft-Windows-Kernel-General' cannot be found.  The local computer may not have the necessary registry information or message DLL files to display the message, or you may not have permission to access them.  The following information is part of the event:'35', '\SystemRoot\System32\config\DRIVERS', '21396', '952'","Microsoft-Windows-Kernel-General","System.String[]","16","3/12/2020 5:57:19 PM","3/12/2020 5:57:19 PM","NT AUTHORITY\SYSTEM",,
"16","DESKTOP-KBJ23GV","System.Byte[]","30","(0)","0","Information","The description for Event ID '16' in Source 'Microsoft-Windows-Kernel-General' cannot be found.  The local computer may not have the necessary registry information or message DLL files to display the message, or you may not have permission to access them.  The following information is part of the event:'36', '\SystemRoot\System32\Config\SOFTWARE', '273417', '18407'","Microsoft-Windows-Kernel-General","System.String[]","16","3/12/2020 5:57:19 PM","3/12/2020 5:57:19 PM","NT AUTHORITY\SYSTEM",,
"55","DESKTOP-KBJ23GV","System.Byte[]","29","(47)","47","Information","Hyper-V logical processor 3 exposes the following power management capabilities:

Idle state type: 1 (3 state(s))

Performance state type: 1
Nominal Frequency (MHz): 3001
Maximum performance percentage: 100
Minimum performance percentage: 26
Minimum throttle percentage: 26","Microsoft-Windows-Kernel-Processor-Power","System.String[]","55","3/12/2020 5:57:18 PM","3/12/2020 5:57:18 PM","NT AUTHORITY\SYSTEM",,
"55","DESKTOP-KBJ23GV","System.Byte[]","28","(47)","47","Information","Hyper-V logical processor 2 exposes the following power management capabilities:

Idle state type: 1 (3 state(s))

Performance state type: 1
Nominal Frequency (MHz): 3001
Maximum performance percentage: 100
Minimum performance percentage: 26
Minimum throttle percentage: 26","Microsoft-Windows-Kernel-Processor-Power","System.String[]","55","3/12/2020 5:57:18 PM","3/12/2020 5:57:18 PM","NT AUTHORITY\SYSTEM",,
"55","DESKTOP-KBJ23GV","System.Byte[]","27","(47)","47","Information","Hyper-V logical processor 1 exposes the following power management capabilities:

Idle state type: 1 (3 state(s))

Performance state type: 1
Nominal Frequency (MHz): 3001
Maximum performance percentage: 100
Minimum performance percentage: 26
Minimum throttle percentage: 26","Microsoft-Windows-Kernel-Processor-Power","System.String[]","55","3/12/2020 5:57:18 PM","3/12/2020 5:57:18 PM","NT AUTHORITY\SYSTEM",,
"55","DESKTOP-KBJ23GV","System.Byte[]","26","(47)","47","Information","Hyper-V logical processor 0 exposes the following power management capabilities:

Idle state type: 1 (3 state(s))

Performance state type: 1
Nominal Frequency (MHz): 3001
Maximum performance percentage: 100
Minimum performance percentage: 26
Minimum throttle percentage: 26","Microsoft-Windows-Kernel-Processor-Power","System.String[]","55","3/12/2020 5:57:18 PM","3/12/2020 5:57:18 PM","NT AUTHORITY\SYSTEM",,
"172","DESKTOP-KBJ23GV","System.Byte[]","25","(203)","203","Information","The description for Event ID '172' in Source 'Microsoft-Windows-Kernel-Power' cannot be found.  The local computer may not have the necessary registry information or message DLL files to display the message, or you may not have permission to access them.  The following information is part of the event:'2', '6'","Microsoft-Windows-Kernel-Power","System.String[]","172","3/12/2020 5:57:18 PM","3/12/2020 5:57:18 PM","NT AUTHORITY\SYSTEM",,
"98","DESKTOP-KBJ23GV","System.Byte[]","24","(0)","0","Information","The description for Event ID '98' in Source 'Microsoft-Windows-Ntfs' cannot be found.  The local computer may not have the necessary registry information or message DLL files to display the message, or you may not have permission to access them.  The following information is part of the event:'\\?\Volume{6301769c-0000-0000-0000-100000000000}', '\Device\HarddiskVolume1', '0'","Microsoft-Windows-Ntfs","System.String[]","98","3/12/2020 5:57:18 PM","3/12/2020 5:57:18 PM","NT AUTHORITY\SYSTEM",,
"6","DESKTOP-KBJ23GV","System.Byte[]","23","(0)","0","Information","File System Filter 'npsvctrig' (10.0, 1977-09-12T17:19:34.000000000Z) has successfully loaded and registered with Filter Manager.","Microsoft-Windows-FilterManager","System.String[]","6","3/12/2020 5:57:18 PM","3/12/2020 5:57:18 PM","NT AUTHORITY\SYSTEM",,
"7036","DESKTOP-KBJ23GV","System.Byte[]","22","(0)","0","Information","The  service entered the Driver load complete state.","VfpExt","System.String[]","1073748860","3/12/2020 5:57:18 PM","3/12/2020 5:57:18 PM",,,
"7036","DESKTOP-KBJ23GV","System.Byte[]","21","(0)","0","Information","The  service entered the Driver load start state.","VfpExt","System.String[]","1073748860","3/12/2020 5:57:18 PM","3/12/2020 5:57:18 PM",,,
"6","DESKTOP-KBJ23GV","System.Byte[]","20","(0)","0","Information","File System Filter 'FileCrypt' (10.0, 2011-10-30T17:56:49.000000000Z) has successfully loaded and registered with Filter Manager.","Microsoft-Windows-FilterManager","System.String[]","6","3/12/2020 5:57:17 PM","3/12/2020 5:57:17 PM","NT AUTHORITY\SYSTEM",,
"98","DESKTOP-KBJ23GV","System.Byte[]","19","(0)","0","Information","The description for Event ID '98' in Source 'Microsoft-Windows-Ntfs' cannot be found.  The local computer may not have the necessary registry information or message DLL files to display the message, or you may not have permission to access them.  The following information is part of the event:'C:', '\Device\HarddiskVolume2', '0'","Microsoft-Windows-Ntfs","System.String[]","98","3/12/2020 5:57:17 PM","3/12/2020 5:57:17 PM","NT AUTHORITY\SYSTEM",,
"6","DESKTOP-KBJ23GV","System.Byte[]","18","(0)","0","Information","File System Filter 'Wof' (10.0, 2096-10-27T15:24:16.000000000Z) has successfully loaded and registered with Filter Manager.","Microsoft-Windows-FilterManager","System.String[]","6","3/12/2020 5:57:16 PM","3/12/2020 5:57:16 PM","NT AUTHORITY\SYSTEM",,
"6","DESKTOP-KBJ23GV","System.Byte[]","17","(0)","0","Information","File System Filter 'FileInfo' (10.0, 1989-07-13T03:15:12.000000000Z) has successfully loaded and registered with Filter Manager.","Microsoft-Windows-FilterManager","System.String[]","6","3/12/2020 5:57:16 PM","3/12/2020 5:57:16 PM","NT AUTHORITY\SYSTEM",,
"20","DESKTOP-KBJ23GV","System.Byte[]","16","(6)","6","Information","The description for Event ID '20' in Source 'Microsoft-Windows-Kernel-General' cannot be found.  The local computer may not have the necessary registry information or message DLL files to display the message, or you may not have permission to access them.  The following information is part of the event:'0', 'true', '0', '0'","Microsoft-Windows-Kernel-General","System.String[]","20","3/12/2020 5:57:16 PM","3/12/2020 5:57:16 PM","NT AUTHORITY\SYSTEM",,
"3","DESKTOP-KBJ23GV","System.Byte[]","15","(0)","0","Information","Secure Kernel started with status 0 and flags 0.","Microsoft-Windows-IsolatedUserMode","System.String[]","3","3/12/2020 5:57:16 PM","3/12/2020 5:57:16 PM","NT AUTHORITY\SYSTEM",,
"156","DESKTOP-KBJ23GV","System.Byte[]","14","(0)","0","Information","Hypervisor configured mitigations for CVE-2018-3646 for virtual machines.

Processor not affected: false
Processor family not affected: false
Processor supports cache flush: true
HyperThreading enabled: false
Parent hypervisor applies mitigations: false
Mitigations disabled by bcdedit: false
Mitigations enabled: true
Cache flush needed: true
","Microsoft-Windows-Hyper-V-Hypervisor","System.String[]","156","3/12/2020 5:57:16 PM","3/12/2020 5:57:16 PM","NT AUTHORITY\SYSTEM",,
"129","DESKTOP-KBJ23GV","System.Byte[]","13","(0)","0","Information","Hypervisor initialized I/O remapping.

Hardware present: false
Hardware enabled: false
Policy: 0x0
Enabled features: 0x0
Internal information: 0x0
Problems: 0x0
Additional information: 0x0","Microsoft-Windows-Hyper-V-Hypervisor","System.String[]","129","3/12/2020 5:57:16 PM","3/12/2020 5:57:16 PM","NT AUTHORITY\SYSTEM",,
"2","DESKTOP-KBJ23GV","System.Byte[]","12","(0)","0","Information","Hypervisor scheduler type is 0x4.","Microsoft-Windows-Hyper-V-Hypervisor","System.String[]","2","3/12/2020 5:57:16 PM","3/12/2020 5:57:16 PM","NT AUTHORITY\SYSTEM",,
"1","DESKTOP-KBJ23GV","System.Byte[]","11","(0)","0","Information","Hypervisor successfully started.","Microsoft-Windows-Hyper-V-Hypervisor","System.String[]","1","3/12/2020 5:57:16 PM","3/12/2020 5:57:16 PM","NT AUTHORITY\SYSTEM",,
"30","DESKTOP-KBJ23GV","System.Byte[]","10","(21)","21","Information","The description for Event ID '30' in Source 'Microsoft-Windows-Kernel-Boot' cannot be found.  The local computer may not have the necessary registry information or message DLL files to display the message, or you may not have permission to access them.  The following information is part of the event:'0', '0', '25314', '0', '0'","Microsoft-Windows-Kernel-Boot","System.String[]","30","3/12/2020 5:57:16 PM","3/12/2020 5:57:16 PM","NT AUTHORITY\SYSTEM",,
"32","DESKTOP-KBJ23GV","System.Byte[]","9","(58)","58","Information","The description for Event ID '32' in Source 'Microsoft-Windows-Kernel-Boot' cannot be found.  The local computer may not have the necessary registry information or message DLL files to display the message, or you may not have permission to access them.  The following information is part of the event:'0'","Microsoft-Windows-Kernel-Boot","System.String[]","32","3/12/2020 5:57:16 PM","3/12/2020 5:57:16 PM","NT AUTHORITY\SYSTEM",,
"26","DESKTOP-KBJ23GV","System.Byte[]","8","(0)","0","Information","The description for Event ID '26' in Source 'Microsoft-Windows-Kernel-Boot' cannot be found.  The local computer may not have the necessary registry information or message DLL files to display the message, or you may not have permission to access them.  The following information is part of the event:","Microsoft-Windows-Kernel-Boot","System.String[]","26","3/12/2020 5:57:16 PM","3/12/2020 5:57:16 PM","NT AUTHORITY\SYSTEM",,
"27","DESKTOP-KBJ23GV","System.Byte[]","7","(33)","33","Information","The description for Event ID '27' in Source 'Microsoft-Windows-Kernel-Boot' cannot be found.  The local computer may not have the necessary registry information or message DLL files to display the message, or you may not have permission to access them.  The following information is part of the event:'0', ' NOEXECUTE=OPTIN'","Microsoft-Windows-Kernel-Boot","System.String[]","27","3/12/2020 5:57:16 PM","3/12/2020 5:57:16 PM","NT AUTHORITY\SYSTEM",,
"25","DESKTOP-KBJ23GV","System.Byte[]","6","(32)","32","Information","The description for Event ID '25' in Source 'Microsoft-Windows-Kernel-Boot' cannot be found.  The local computer may not have the necessary registry information or message DLL files to display the message, or you may not have permission to access them.  The following information is part of the event:'1'","Microsoft-Windows-Kernel-Boot","System.String[]","25","3/12/2020 5:57:16 PM","3/12/2020 5:57:16 PM","NT AUTHORITY\SYSTEM",,
"20","DESKTOP-KBJ23GV","System.Byte[]","5","(31)","31","Information","The description for Event ID '20' in Source 'Microsoft-Windows-Kernel-Boot' cannot be found.  The local computer may not have the necessary registry information or message DLL files to display the message, or you may not have permission to access them.  The following information is part of the event:'true', 'true', '0', '1'","Microsoft-Windows-Kernel-Boot","System.String[]","20","3/12/2020 5:57:16 PM","3/12/2020 5:57:16 PM","NT AUTHORITY\SYSTEM",,
"153","DESKTOP-KBJ23GV","System.Byte[]","4","(62)","62","Information","The description for Event ID '153' in Source 'Microsoft-Windows-Kernel-Boot' cannot be found.  The local computer may not have the necessary registry information or message DLL files to display the message, or you may not have permission to access them.  The following information is part of the event:'0', '101', '515'","Microsoft-Windows-Kernel-Boot","System.String[]","153","3/12/2020 5:57:16 PM","3/12/2020 5:57:16 PM","NT AUTHORITY\SYSTEM",,
"6005","DESKTOP-KBJ23GV","System.Byte[]","3","(0)","0","Information","The Event log service was started.","EventLog","System.String[]","2147489653","3/12/2020 5:57:56 PM","3/12/2020 5:57:56 PM",,,
"6009","DESKTOP-KBJ23GV","System.Byte[]","2","(0)","0","Information","Microsoft (R) Windows (R) 10.00. 18362  Multiprocessor Free.","EventLog","System.String[]","2147489657","3/12/2020 5:57:56 PM","3/12/2020 5:57:56 PM",,,
"12","DESKTOP-KBJ23GV","System.Byte[]","1","(1)","1","Information","The description for Event ID '12' in Source 'Microsoft-Windows-Kernel-General' cannot be found.  The local computer may not have the necessary registry information or message DLL files to display the message, or you may not have permission to access them.  The following information is part of the event:'10', '0', '18362', '657', '0', '0', '2020-03-12T15:57:15.500000000Z'","Microsoft-Windows-Kernel-General","System.String[]","12","3/12/2020 5:57:16 PM","3/12/2020 5:57:16 PM","NT AUTHORITY\SYSTEM",,
